#
# A fatal error has been detected by the Java Runtime Environment:
#
#  SIGSEGV (0xb) at pc=0x000000011da27682, pid=90645, tid=9987
#
# JRE version: Java(TM) SE Runtime Environment (8.0_74-b02) (build 1.8.0_74-b02)
# Java VM: Java HotSpot(TM) 64-Bit Server VM (25.74-b02 mixed mode bsd-amd64 compressed oops)
# Problematic frame:
# C  [libcplex1262remotejni.jnilib+0x29c682]  _dc08c5413c38b61a7a9d7290e4ecded8+0xd22
#
# Failed to write core dump. Core dumps have been disabled. To enable core dumping, try "ulimit -c unlimited" before starting Java again
#
# If you would like to submit a bug report, please visit:
#   http://bugreport.java.com/bugreport/crash.jsp
# The crash happened outside the Java Virtual Machine in native code.
# See problematic frame for where to report the bug.
#

---------------  T H R E A D  ---------------

Current thread (0x00007fab72807800):  JavaThread "main" [_thread_in_native, id=9987, stack(0x0000700005a1c000,0x0000700005b1c000)]

siginfo: si_signo: 11 (SIGSEGV), si_code: 0 (unknown), si_addr: 0x0000000000000000

Registers:
RAX=0x000000000000004e, RBX=0x0000000000000188, RCX=0x00007fab739081d0, RDX=0x00007fab73b18410
RSP=0x0000700005b1a8e0, RBP=0x0000000000000188, RSI=0x00007fab73907930, RDI=0x00007fab73b14ce0
R8 =0x00007fab72d2c010, R9 =0x00007fab72d2ae10, R10=0x0000000000000001, R11=0x0000000000000001
R12=0x0000000000000000, R13=0x00007fab71bf4800, R14=0x0305363802b60419, R15=0x0000000000000001
RIP=0x000000011da27682, EFLAGS=0x0000000000010202, ERR=0x0000000000000000
  TRAPNO=0x000000000000000d

Top of Stack: (sp=0x0000700005b1a8e0)
0x0000700005b1a8e0:   00007fab73812000 0000000000000003
0x0000700005b1a8f0:   00007fab72d2c010 00007fab72d2ae10
0x0000700005b1a900:   00007fab739081d0 00007fab73907930
0x0000700005b1a910:   0000700000000001 0000000000000000
0x0000700005b1a920:   0000000000000000 0000000000000001
0x0000700005b1a930:   0000000000000001 000000011d7faf6a
0x0000700005b1a940:   00007fab73b18450 000000011daeb15e
0x0000700005b1a950:   00007fab73812420 00007fab7233b010
0x0000700005b1a960:   0000000000000010 0000000000000001
0x0000700005b1a970:   00007fff8bf9c000 0000000000000020
0x0000700005b1a980:   0000700005b1a9b0 00007fff539431bd
0x0000700005b1a990:   00007fab73812000 00007fab73b171a0
0x0000700005b1a9a0:   0000000000000000 00007fab73812420
0x0000700005b1a9b0:   00007fab7233b010 00007fab73b171a0
0x0000700005b1a9c0:   0000000000000001 0000000000000001
0x0000700005b1a9d0:   0000000000000000 000000011daf5bae
0x0000700005b1a9e0:   00007fab73b16d60 00007fab73b18410
0x0000700005b1a9f0:   00007fab73b14ce0 00007fab71bf4800
0x0000700005b1aa00:   0000000000000000 00007fab73b18430
0x0000700005b1aa10:   0000000000000000 0000000000000000
0x0000700005b1aa20:   0000000000000000 00007fab73b18410
0x0000700005b1aa30:   00007fab73b18430 00007fab73b18450
0x0000700005b1aa40:   0000000000000001 0000000000000000
0x0000700005b1aa50:   0000700005b1ab48 0000700005b1abf0
0x0000700005b1aa60:   00007fab728079f8 0000000000000000
0x0000700005b1aa70:   00007fab714ee630 0000000000000063
0x0000700005b1aa80:   0000000000000000 000000011daf5c67
0x0000700005b1aa90:   00007fab73b16d60 00007fab73b104c0
0x0000700005b1aaa0:   00007fab73b14ce0 00007fab71bf4800
0x0000700005b1aab0:   0000000000000000 00007fab714ee630
0x0000700005b1aac0:   00007fab73812420 000000011d78c9a2
0x0000700005b1aad0:   00007fab73b16d60 00007fab73b104c0 

Instructions: (pc=0x000000011da27682)
0x000000011da27662:   0d 19 3b ae 00 4a 63 04 a7 66 0f 2f c1 72 05 ff
0x000000011da27672:   0c 86 eb 20 66 0f 2e d0 7a 02 74 f3 4c 8b 34 c1
0x000000011da27682:   43 89 1c b1 4c 8b 34 c1 4d 8b 7d 00 4f 89 3c f0
0x000000011da27692:   48 ff 04 c1 49 ff c4 49 83 c5 08 4d 3b e3 7c b5 

Register to memory mapping:

RAX=0x000000000000004e is an unknown value
RBX=0x0000000000000188 is an unknown value
RCX=0x00007fab739081d0 is an unknown value
RDX=0x00007fab73b18410 is an unknown value
RSP=0x0000700005b1a8e0 is pointing into the stack for thread: 0x00007fab72807800
RBP=0x0000000000000188 is an unknown value
RSI=0x00007fab73907930 is an unknown value
RDI=0x00007fab73b14ce0 is an unknown value
R8 =0x00007fab72d2c010 is an unknown value
R9 =0x00007fab72d2ae10 is an unknown value
R10=0x0000000000000001 is an unknown value
R11=0x0000000000000001 is an unknown value
R12=0x0000000000000000 is an unknown value
R13=0x00007fab71bf4800 is an unknown value
R14=0x0305363802b60419 is an unknown value
R15=0x0000000000000001 is an unknown value


Stack: [0x0000700005a1c000,0x0000700005b1c000],  sp=0x0000700005b1a8e0,  free space=1018k
Native frames: (J=compiled Java code, j=interpreted, Vv=VM code, C=native code)
C  [libcplex1262remotejni.jnilib+0x29c682]  _dc08c5413c38b61a7a9d7290e4ecded8+0xd22

Java frames: (J=compiled Java code, j=interpreted, Vv=VM code)
J 2108  ilog.cplex.Cplex.CPXaddrows(JJIII[D[B[I[I[D[Ljava/lang/String;[Ljava/lang/String;)I (0 bytes) @ 0x000000010bcb756e [0x000000010bcb7480+0xee]
J 2106 C1 ilog.cplex.CplexI._addRows(I[D[D[I[I[D[Ljava/lang/String;)V (254 bytes) @ 0x000000010bcb620c [0x000000010bcb5ae0+0x72c]
J 2112 C1 ilog.cplex.CplexI.addRow(Lilog/cplex/CpxRange;DDI[I[DLjava/lang/String;)Lilog/cplex/CplexIndex; (88 bytes) @ 0x000000010bcbcab4 [0x000000010bcbc600+0x4b4]
J 2083 C1 ilog.cplex.CpxRange.init(Lilog/cplex/CplexI;DDI[D[Lilog/cplex/CpxNumVar;)V (93 bytes) @ 0x000000010bca7064 [0x000000010bca6a00+0x664]
J 2110 C1 ilog.cplex.CpxRange.<init>(Lilog/cplex/CplexI;DLilog/cplex/CpxNumExpr;DLjava/lang/String;)V (239 bytes) @ 0x000000010bcba4e4 [0x000000010bcb8520+0x1fc4]
J 2082 C1 ilog.cplex.IloCplexModeler.addRange(Lilog/cplex/CplexI;DLilog/concert/IloNumExpr;DLjava/lang/String;)Lilog/concert/IloRange; (83 bytes) @ 0x000000010bca61b4 [0x000000010bca5f00+0x2b4]
j  ilog.cplex.IloCplexModeler.addGe(Lilog/concert/IloNumExpr;D)Lilog/concert/IloRange;+11
j  reasoner.ilp.CplexModelGenerator.applyBranchAndPrice(Lilog/cplex/IloCplex;Lilog/cplex/IloCplex;Lreasoner/ilp/CplexModelGenerator$IloNumVarArray;Lreasoner/ilp/CplexModelGenerator$IloNumVarArray;Ljava/util/ArrayList;[Lilog/concert/IloNumVar;[Lilog/concert/IloNumVar;[Lilog/concert/IloNumVar;[Lilog/concert/IloRange;)Lreasoner/ilp/ILPSolution;+363
j  reasoner.ilp.CplexModelGenerator.solve(Lreasoner/ilp/CplexModelGenerator$RMPModel;Lreasoner/ilp/CplexModelGenerator$PPModel;)Lreasoner/ilp/ILPSolution;+543
j  reasoner.ilp.CplexModelGenerator.getILPSolution()Lreasoner/ilp/ILPSolution;+24
j  reasoner.ilp.ILPPreprocessor.callILP()Lreasoner/ilp/ILPSolution;+100
j  reasoner.RuleEngine.callILP(Lreasoner/graph/Node;Ljava/util/List;)V+57
j  reasoner.RuleEngine.processToDoList()V+718
j  reasoner.RuleEngine.checkAboxConsistency(Ljava/util/Set;Lorg/semanticweb/owlapi/model/OWLClassExpression;)V+34
j  reasoner.TestReasoner.useReasoner()V+103
j  reasoner.Main.main([Ljava/lang/String;)V+23
v  ~StubRoutines::call_stub

---------------  P R O C E S S  ---------------

Java Threads: ( => current thread )
  0x00007fab71bfb000 JavaThread "ForkJoinPool.commonPool-worker-2" daemon [_thread_blocked, id=15619, stack(0x0000700006949000,0x0000700006a49000)]
  0x00007fab71bce800 JavaThread "ForkJoinPool.commonPool-worker-1" daemon [_thread_blocked, id=17411, stack(0x0000700006846000,0x0000700006946000)]
  0x00007fab7183e800 JavaThread "Service Thread" daemon [_thread_blocked, id=17667, stack(0x0000700006640000,0x0000700006740000)]
  0x00007fab72831800 JavaThread "C1 CompilerThread2" daemon [_thread_blocked, id=14339, stack(0x000070000653d000,0x000070000663d000)]
  0x00007fab72830800 JavaThread "C2 CompilerThread1" daemon [_thread_blocked, id=13827, stack(0x000070000643a000,0x000070000653a000)]
  0x00007fab7282f000 JavaThread "C2 CompilerThread0" daemon [_thread_blocked, id=18179, stack(0x0000700006337000,0x0000700006437000)]
  0x00007fab73032000 JavaThread "Signal Dispatcher" daemon [_thread_blocked, id=18691, stack(0x0000700006234000,0x0000700006334000)]
  0x00007fab72005000 JavaThread "Finalizer" daemon [_thread_blocked, id=12035, stack(0x0000700006131000,0x0000700006231000)]
  0x00007fab71802800 JavaThread "Reference Handler" daemon [_thread_blocked, id=11523, stack(0x000070000602e000,0x000070000612e000)]
=>0x00007fab72807800 JavaThread "main" [_thread_in_native, id=9987, stack(0x0000700005a1c000,0x0000700005b1c000)]

Other Threads:
  0x00007fab73055800 VMThread [stack: 0x0000700005f2b000,0x000070000602b000] [id=11267]
  0x00007fab72862000 WatcherThread [stack: 0x0000700006743000,0x0000700006843000] [id=14851]

VM state:not at safepoint (normal execution)

VM Mutex/Monitor currently owned by a thread: None

Heap:
 PSYoungGen      total 36352K, used 35564K [0x00000007aab00000, 0x00000007ad600000, 0x00000007c0000000)
  eden space 31744K, 97% used [0x00000007aab00000,0x00000007ac93ec20,0x00000007aca00000)
  from space 4608K, 99% used [0x00000007acf80000,0x00000007ad3fc460,0x00000007ad400000)
  to   space 5632K, 0% used [0x00000007aca00000,0x00000007aca00000,0x00000007acf80000)
 ParOldGen       total 44032K, used 4927K [0x0000000780000000, 0x0000000782b00000, 0x00000007aab00000)
  object space 44032K, 11% used [0x0000000780000000,0x00000007804cfd90,0x0000000782b00000)
 Metaspace       used 20021K, capacity 20632K, committed 20864K, reserved 1067008K
  class space    used 3437K, capacity 3596K, committed 3712K, reserved 1048576K

Card table byte_map: [0x0000000107b4f000,0x0000000107d50000] byte_map_base: 0x0000000103f4f000

Marking Bits: (ParMarkBitMap*) 0x00000001070e3ea0
 Begin Bits: [0x0000000107ea6000, 0x0000000108ea6000)
 End Bits:   [0x0000000108ea6000, 0x0000000109ea6000)

Polling page: 0x0000000105e5c000

CodeCache: size=245760Kb used=6347Kb max_used=6347Kb free=239412Kb
 bounds [0x000000010b693000, 0x000000010bcd3000, 0x000000011a693000]
 total_blobs=2622 nmethods=2127 adapters=408
 compilation: enabled

Compilation events (10 events):
Event: 6.039 Thread 0x00007fab72831800 nmethod 2121 0x000000010bcc3590 code [0x000000010bcc3700, 0x000000010bcc3928]
Event: 6.044 Thread 0x00007fab72831800 2123       1       java.io.OutputStream::flush (1 bytes)
Event: 6.044 Thread 0x00007fab72831800 nmethod 2123 0x000000010bcc3a10 code [0x000000010bcc3b60, 0x000000010bcc3c70]
Event: 6.049 Thread 0x00007fab72831800 2124   !   3       java.io.PrintStream::newLine (73 bytes)
Event: 6.050 Thread 0x00007fab72831800 nmethod 2124 0x000000010bcc3cd0 code [0x000000010bcc3ee0, 0x000000010bcc4918]
Event: 6.050 Thread 0x00007fab72831800 2125       3       ilog.cplex.CpxNegative::accept (8 bytes)
Event: 6.050 Thread 0x00007fab72831800 nmethod 2125 0x000000010bcc5050 code [0x000000010bcc51c0, 0x000000010bcc53e8]
Event: 6.050 Thread 0x00007fab72831800 2126   !   3       ilog.cplex.CpxQextractor::visitNegative (209 bytes)
Event: 6.052 Thread 0x00007fab72831800 nmethod 2126 0x000000010bcc54d0 code [0x000000010bcc5720, 0x000000010bcc65e8]
Event: 6.052 Thread 0x00007fab72831800 2127       3       ilog.cplex.CpxQExpr::scaleBy (27 bytes)

GC Heap History (10 events):
Event: 2.617 GC heap before
{Heap before GC invocations=2 (full 0):
 PSYoungGen      total 18944K, used 18915K [0x00000007aab00000, 0x00000007ac000000, 0x00000007c0000000)
  eden space 16384K, 100% used [0x00000007aab00000,0x00000007abb00000,0x00000007abb00000)
  from space 2560K, 98% used [0x00000007abb00000,0x00000007abd78e90,0x00000007abd80000)
  to   space 2560K, 0% used [0x00000007abd80000,0x00000007abd80000,0x00000007ac000000)
 ParOldGen       total 44032K, used 112K [0x0000000780000000, 0x0000000782b00000, 0x00000007aab00000)
  object space 44032K, 0% used [0x0000000780000000,0x000000078001c010,0x0000000782b00000)
 Metaspace       used 8734K, capacity 8894K, committed 9088K, reserved 1056768K
  class space    used 1089K, capacity 1149K, committed 1152K, reserved 1048576K
Event: 2.623 GC heap after
Heap after GC invocations=2 (full 0):
 PSYoungGen      total 18944K, used 2543K [0x00000007aab00000, 0x00000007ac000000, 0x00000007c0000000)
  eden space 16384K, 0% used [0x00000007aab00000,0x00000007aab00000,0x00000007abb00000)
  from space 2560K, 99% used [0x00000007abd80000,0x00000007abffbe00,0x00000007ac000000)
  to   space 2560K, 0% used [0x00000007abb00000,0x00000007abb00000,0x00000007abd80000)
 ParOldGen       total 44032K, used 648K [0x0000000780000000, 0x0000000782b00000, 0x00000007aab00000)
  object space 44032K, 1% used [0x0000000780000000,0x00000007800a2148,0x0000000782b00000)
 Metaspace       used 8734K, capacity 8894K, committed 9088K, reserved 1056768K
  class space    used 1089K, capacity 1149K, committed 1152K, reserved 1048576K
}
Event: 3.060 GC heap before
{Heap before GC invocations=3 (full 0):
 PSYoungGen      total 18944K, used 18927K [0x00000007aab00000, 0x00000007ac000000, 0x00000007c0000000)
  eden space 16384K, 100% used [0x00000007aab00000,0x00000007abb00000,0x00000007abb00000)
  from space 2560K, 99% used [0x00000007abd80000,0x00000007abffbe00,0x00000007ac000000)
  to   space 2560K, 0% used [0x00000007abb00000,0x00000007abb00000,0x00000007abd80000)
 ParOldGen       total 44032K, used 648K [0x0000000780000000, 0x0000000782b00000, 0x00000007aab00000)
  object space 44032K, 1% used [0x0000000780000000,0x00000007800a2148,0x0000000782b00000)
 Metaspace       used 10610K, capacity 10794K, committed 11008K, reserved 1058816K
  class space    used 1374K, capacity 1439K, committed 1536K, reserved 1048576K
Event: 3.068 GC heap after
Heap after GC invocations=3 (full 0):
 PSYoungGen      total 18944K, used 2554K [0x00000007aab00000, 0x00000007ac000000, 0x00000007c0000000)
  eden space 16384K, 0% used [0x00000007aab00000,0x00000007aab00000,0x00000007abb00000)
  from space 2560K, 99% used [0x00000007abb00000,0x00000007abd7ea08,0x00000007abd80000)
  to   space 2560K, 0% used [0x00000007abd80000,0x00000007abd80000,0x00000007ac000000)
 ParOldGen       total 44032K, used 1841K [0x0000000780000000, 0x0000000782b00000, 0x00000007aab00000)
  object space 44032K, 4% used [0x0000000780000000,0x00000007801cc6c0,0x0000000782b00000)
 Metaspace       used 10610K, capacity 10794K, committed 11008K, reserved 1058816K
  class space    used 1374K, capacity 1439K, committed 1536K, reserved 1048576K
}
Event: 3.584 GC heap before
{Heap before GC invocations=4 (full 0):
 PSYoungGen      total 18944K, used 18938K [0x00000007aab00000, 0x00000007ac000000, 0x00000007c0000000)
  eden space 16384K, 100% used [0x00000007aab00000,0x00000007abb00000,0x00000007abb00000)
  from space 2560K, 99% used [0x00000007abb00000,0x00000007abd7ea08,0x00000007abd80000)
  to   space 2560K, 0% used [0x00000007abd80000,0x00000007abd80000,0x00000007ac000000)
 ParOldGen       total 44032K, used 1841K [0x0000000780000000, 0x0000000782b00000, 0x00000007aab00000)
  object space 44032K, 4% used [0x0000000780000000,0x00000007801cc6c0,0x0000000782b00000)
 Metaspace       used 12033K, capacity 12220K, committed 12416K, reserved 1060864K
  class space    used 1820K, capacity 1896K, committed 1920K, reserved 1048576K
Event: 3.590 GC heap after
Heap after GC invocations=4 (full 0):
 PSYoungGen      total 18944K, used 2538K [0x00000007aab00000, 0x00000007ac000000, 0x00000007c0000000)
  eden space 16384K, 0% used [0x00000007aab00000,0x00000007aab00000,0x00000007abb00000)
  from space 2560K, 99% used [0x00000007abd80000,0x00000007abffaa38,0x00000007ac000000)
  to   space 2560K, 0% used [0x00000007abb00000,0x00000007abb00000,0x00000007abd80000)
 ParOldGen       total 44032K, used 2745K [0x0000000780000000, 0x0000000782b00000, 0x00000007aab00000)
  object space 44032K, 6% used [0x0000000780000000,0x00000007802ae418,0x0000000782b00000)
 Metaspace       used 12033K, capacity 12220K, committed 12416K, reserved 1060864K
  class space    used 1820K, capacity 1896K, committed 1920K, reserved 1048576K
}
Event: 3.777 GC heap before
{Heap before GC invocations=5 (full 0):
 PSYoungGen      total 18944K, used 18922K [0x00000007aab00000, 0x00000007ac000000, 0x00000007c0000000)
  eden space 16384K, 100% used [0x00000007aab00000,0x00000007abb00000,0x00000007abb00000)
  from space 2560K, 99% used [0x00000007abd80000,0x00000007abffaa38,0x00000007ac000000)
  to   space 2560K, 0% used [0x00000007abb00000,0x00000007abb00000,0x00000007abd80000)
 ParOldGen       total 44032K, used 2745K [0x0000000780000000, 0x0000000782b00000, 0x00000007aab00000)
  object space 44032K, 6% used [0x0000000780000000,0x00000007802ae418,0x0000000782b00000)
 Metaspace       used 14024K, capacity 14238K, committed 14464K, reserved 1060864K
  class space    used 2557K, capacity 2611K, committed 2688K, reserved 1048576K
Event: 3.784 GC heap after
Heap after GC invocations=5 (full 0):
 PSYoungGen      total 18944K, used 2538K [0x00000007aab00000, 0x00000007ad400000, 0x00000007c0000000)
  eden space 16384K, 0% used [0x00000007aab00000,0x00000007aab00000,0x00000007abb00000)
  from space 2560K, 99% used [0x00000007abb00000,0x00000007abd7aa38,0x00000007abd80000)
  to   space 4608K, 0% used [0x00000007acf80000,0x00000007acf80000,0x00000007ad400000)
 ParOldGen       total 44032K, used 4447K [0x0000000780000000, 0x0000000782b00000, 0x00000007aab00000)
  object space 44032K, 10% used [0x0000000780000000,0x0000000780457e70,0x0000000782b00000)
 Metaspace       used 14024K, capacity 14238K, committed 14464K, reserved 1060864K
  class space    used 2557K, capacity 2611K, committed 2688K, reserved 1048576K
}
Event: 4.763 GC heap before
{Heap before GC invocations=6 (full 0):
 PSYoungGen      total 18944K, used 18922K [0x00000007aab00000, 0x00000007ad400000, 0x00000007c0000000)
  eden space 16384K, 100% used [0x00000007aab00000,0x00000007abb00000,0x00000007abb00000)
  from space 2560K, 99% used [0x00000007abb00000,0x00000007abd7aa38,0x00000007abd80000)
  to   space 4608K, 0% used [0x00000007acf80000,0x00000007acf80000,0x00000007ad400000)
 ParOldGen       total 44032K, used 4447K [0x0000000780000000, 0x0000000782b00000, 0x00000007aab00000)
  object space 44032K, 10% used [0x0000000780000000,0x0000000780457e70,0x0000000782b00000)
 Metaspace       used 18358K, capacity 18928K, committed 19072K, reserved 1064960K
  class space    used 3248K, capacity 3408K, committed 3456K, reserved 1048576K
Event: 4.776 GC heap after
Heap after GC invocations=6 (full 0):
 PSYoungGen      total 36352K, used 4593K [0x00000007aab00000, 0x00000007ad600000, 0x00000007c0000000)
  eden space 31744K, 0% used [0x00000007aab00000,0x00000007aab00000,0x00000007aca00000)
  from space 4608K, 99% used [0x00000007acf80000,0x00000007ad3fc460,0x00000007ad400000)
  to   space 5632K, 0% used [0x00000007aca00000,0x00000007aca00000,0x00000007acf80000)
 ParOldGen       total 44032K, used 4927K [0x0000000780000000, 0x0000000782b00000, 0x00000007aab00000)
  object space 44032K, 11% used [0x0000000780000000,0x00000007804cfd90,0x0000000782b00000)
 Metaspace       used 18358K, capacity 18928K, committed 19072K, reserved 1064960K
  class space    used 3248K, capacity 3408K, committed 3456K, reserved 1048576K
}

Deoptimization events (10 events):
Event: 4.092 Thread 0x00007fab72807800 Uncommon trap: reason=unstable_if action=reinterpret pc=0x000000010b96ba3c method=sun.misc.MetaIndex.mayContain(Ljava/lang/String;)Z @ 38
Event: 4.686 Thread 0x00007fab72807800 Uncommon trap: reason=unstable_if action=reinterpret pc=0x000000010bb4dcbc method=jdk.internal.org.objectweb.asm.Type.getArgumentsAndReturnSizes(Ljava/lang/String;)I @ 47
Event: 4.794 Thread 0x00007fab72807800 Uncommon trap: reason=unstable_if action=reinterpret pc=0x000000010b993278 method=java.util.HashMap.hash(Ljava/lang/Object;)I @ 1
Event: 4.794 Thread 0x00007fab72807800 Uncommon trap: reason=unstable_if action=reinterpret pc=0x000000010b8be6a8 method=java.util.HashMap.hash(Ljava/lang/Object;)I @ 1
Event: 4.881 Thread 0x00007fab72807800 Uncommon trap: reason=unstable_if action=reinterpret pc=0x000000010b9f0ebc method=java.util.ArrayList.indexOf(Ljava/lang/Object;)I @ 41
Event: 4.898 Thread 0x00007fab72807800 Uncommon trap: reason=unstable_if action=reinterpret pc=0x000000010bbb4464 method=java.lang.Class.arrayContentsEq([Ljava/lang/Object;[Ljava/lang/Object;)Z @ 38
Event: 4.930 Thread 0x00007fab72807800 Uncommon trap: reason=unstable_if action=reinterpret pc=0x000000010babaf04 method=org.semanticweb.owlapi.io.XMLUtils.isXMLNameStartCharacter(I)Z @ 21
Event: 4.930 Thread 0x00007fab72807800 Uncommon trap: reason=unstable_if action=reinterpret pc=0x000000010bac1734 method=org.semanticweb.owlapi.io.XMLUtils.isXMLNameStartCharacter(I)Z @ 21
Event: 5.246 Thread 0x00007fab72807800 Uncommon trap: reason=unstable_if action=reinterpret pc=0x000000010bb8ec24 method=java.util.HashMap.hash(Ljava/lang/Object;)I @ 1
Event: 5.246 Thread 0x00007fab72807800 Uncommon trap: reason=unstable_if action=reinterpret pc=0x000000010ba554f0 method=java.util.HashMap.hash(Ljava/lang/Object;)I @ 1

Internal exceptions (10 events):
Event: 4.473 Thread 0x00007fab72807800 Exception <a 'java/lang/NoSuchMethodError': java.lang.Object.lambda$axioms$0(Lorg/semanticweb/owlapi/model/AxiomType;Lorg/semanticweb/owlapi/model/OWLOntology;)Ljava/util/stream/Stream;> (0x00000007ab7606e8) thrown at [/Users/java_re/workspace/8-2-build-m
Event: 4.636 Thread 0x00007fab72807800 Exception <a 'java/lang/IncompatibleClassChangeError': Found class java.lang.Object, but interface was expected> (0x00000007ab85e698) thrown at [/Users/java_re/workspace/8-2-build-macosx-x86_64/jdk8u74/6087/hotspot/src/share/vm/interpreter/linkResolver.cp
Event: 4.651 Thread 0x00007fab72807800 Exception <a 'java/lang/NoSuchMethodError': java.lang.Object.lambda$walkAllPairwise$2(Lorg/semanticweb/owlapi/model/OWLPairwiseVisitor;Lorg/semanticweb/owlapi/util/OWLAPIStreamUtils$Pair;)Ljava/lang/Object;> (0x00000007ab8d4e28) thrown at [/Users/java_re/
Event: 4.652 Thread 0x00007fab72807800 Exception <a 'java/lang/NoSuchMethodError': java.lang.Object.lambda$walkAllPairwise$3(Ljava/lang/Object;)Z> (0x00000007ab8d9478) thrown at [/Users/java_re/workspace/8-2-build-macosx-x86_64/jdk8u74/6087/hotspot/src/share/vm/interpreter/linkResolver.cpp, li
Event: 4.685 Thread 0x00007fab72807800 Exception <a 'java/lang/IncompatibleClassChangeError': Found class java.lang.Object, but interface was expected> (0x00000007aba13348) thrown at [/Users/java_re/workspace/8-2-build-macosx-x86_64/jdk8u74/6087/hotspot/src/share/vm/interpreter/linkResolver.cp
Event: 4.794 Thread 0x00007fab72807800 Implicit null exception at 0x000000010b993035 to 0x000000010b993269
Event: 4.794 Thread 0x00007fab72807800 Implicit null exception at 0x000000010b8be62f to 0x000000010b8be699
Event: 4.930 Thread 0x00007fab72807800 Exception <a 'java/lang/IncompatibleClassChangeError': Found class java.lang.Object, but interface was expected> (0x00000007aaf3b9e0) thrown at [/Users/java_re/workspace/8-2-build-macosx-x86_64/jdk8u74/6087/hotspot/src/share/vm/interpreter/linkResolver.cp
Event: 5.246 Thread 0x00007fab72807800 Implicit null exception at 0x000000010bb8eb5c to 0x000000010bb8ec15
Event: 5.246 Thread 0x00007fab72807800 Implicit null exception at 0x000000010ba55458 to 0x000000010ba554e6

Events (10 events):
Event: 5.983 loading class sun/misc/FloatingDecimal$PreparedASCIIToBinaryBuffer
Event: 5.983 loading class sun/misc/FloatingDecimal$ASCIIToBinaryConverter
Event: 5.983 loading class sun/misc/FloatingDecimal$ASCIIToBinaryConverter done
Event: 5.983 loading class sun/misc/FloatingDecimal$PreparedASCIIToBinaryBuffer done
Event: 5.984 loading class sun/misc/FDBigInteger
Event: 5.984 loading class sun/misc/FDBigInteger done
Event: 5.989 loading class reasoner/ilp/CplexModelGenerator$RMPCopy
Event: 5.989 loading class reasoner/ilp/CplexModelGenerator$RMPCopy done
Event: 5.990 loading class reasoner/ilp/CplexModelGenerator$PPCopy
Event: 5.990 loading class reasoner/ilp/CplexModelGenerator$PPCopy done


Dynamic libraries:
0x0000000003abc000 	/System/Library/Frameworks/Cocoa.framework/Versions/A/Cocoa
0x0000000003abc000 	/System/Library/Frameworks/Security.framework/Versions/A/Security
0x0000000003abc000 	/System/Library/Frameworks/ApplicationServices.framework/Versions/A/ApplicationServices
0x0000000003abc000 	/usr/lib/libz.1.dylib
0x0000000003abc000 	/usr/lib/libSystem.B.dylib
0x0000000003abc000 	/usr/lib/libobjc.A.dylib
0x0000000003abc000 	/System/Library/Frameworks/CoreFoundation.framework/Versions/A/CoreFoundation
0x0000000003abc000 	/System/Library/Frameworks/Foundation.framework/Versions/C/Foundation
0x0000000003abc000 	/System/Library/Frameworks/AppKit.framework/Versions/C/AppKit
0x0000000003abc000 	/System/Library/Frameworks/CoreData.framework/Versions/A/CoreData
0x0000000003abc000 	/System/Library/PrivateFrameworks/RemoteViewServices.framework/Versions/A/RemoteViewServices
0x0000000003abc000 	/System/Library/PrivateFrameworks/UIFoundation.framework/Versions/A/UIFoundation
0x0000000003abc000 	/System/Library/PrivateFrameworks/DFRFoundation.framework/Versions/A/DFRFoundation
0x0000000003abc000 	/System/Library/Frameworks/Metal.framework/Versions/A/Metal
0x0000000003abc000 	/System/Library/PrivateFrameworks/DesktopServicesPriv.framework/Versions/A/DesktopServicesPriv
0x0000000003abc000 	/usr/lib/libenergytrace.dylib
0x0000000003abc000 	/System/Library/PrivateFrameworks/SkyLight.framework/Versions/A/SkyLight
0x0000000003abc000 	/System/Library/Frameworks/CoreGraphics.framework/Versions/A/CoreGraphics
0x0000000003abc000 	/usr/lib/libScreenReader.dylib
0x0000000003abc000 	/System/Library/Frameworks/Accelerate.framework/Versions/A/Accelerate
0x0000000003abc000 	/System/Library/Frameworks/IOSurface.framework/Versions/A/IOSurface
0x0000000003abc000 	/System/Library/Frameworks/AudioToolbox.framework/Versions/A/AudioToolbox
0x0000000003abc000 	/System/Library/Frameworks/AudioUnit.framework/Versions/A/AudioUnit
0x0000000003abc000 	/System/Library/PrivateFrameworks/DataDetectorsCore.framework/Versions/A/DataDetectorsCore
0x0000000003abc000 	/System/Library/Frameworks/Carbon.framework/Versions/A/Frameworks/HIToolbox.framework/Versions/A/HIToolbox
0x0000000003abc000 	/usr/lib/libicucore.A.dylib
0x0000000003abc000 	/System/Library/Frameworks/QuartzCore.framework/Versions/A/QuartzCore
0x0000000003abc000 	/System/Library/PrivateFrameworks/SignpostNotification.framework/Versions/A/SignpostNotification
0x0000000003abc000 	/System/Library/Frameworks/Carbon.framework/Versions/A/Frameworks/SpeechRecognition.framework/Versions/A/SpeechRecognition
0x0000000003abc000 	/usr/lib/libauto.dylib
0x0000000003abc000 	/usr/lib/libxml2.2.dylib
0x0000000003abc000 	/System/Library/PrivateFrameworks/CoreUI.framework/Versions/A/CoreUI
0x0000000003abc000 	/System/Library/Frameworks/CoreAudio.framework/Versions/A/CoreAudio
0x0000000003abc000 	/System/Library/Frameworks/DiskArbitration.framework/Versions/A/DiskArbitration
0x0000000003abc000 	/usr/lib/liblangid.dylib
0x0000000003abc000 	/System/Library/PrivateFrameworks/MultitouchSupport.framework/Versions/A/MultitouchSupport
0x0000000003abc000 	/System/Library/Frameworks/IOKit.framework/Versions/A/IOKit
0x0000000003abc000 	/usr/lib/libDiagnosticMessagesClient.dylib
0x0000000003abc000 	/System/Library/Frameworks/CoreServices.framework/Versions/A/CoreServices
0x0000000003abc000 	/System/Library/PrivateFrameworks/PerformanceAnalysis.framework/Versions/A/PerformanceAnalysis
0x0000000003abc000 	/System/Library/Frameworks/OpenGL.framework/Versions/A/OpenGL
0x0000000003abc000 	/System/Library/Frameworks/ColorSync.framework/Versions/A/ColorSync
0x0000000003abc000 	/System/Library/Frameworks/CoreImage.framework/Versions/A/CoreImage
0x0000000003abc000 	/System/Library/Frameworks/CoreText.framework/Versions/A/CoreText
0x0000000003abc000 	/System/Library/Frameworks/ImageIO.framework/Versions/A/ImageIO
0x0000000003abc000 	/System/Library/PrivateFrameworks/Backup.framework/Versions/A/Backup
0x0000000003abc000 	/usr/lib/libarchive.2.dylib
0x0000000003abc000 	/System/Library/Frameworks/CFNetwork.framework/Versions/A/CFNetwork
0x0000000003abc000 	/System/Library/Frameworks/SystemConfiguration.framework/Versions/A/SystemConfiguration
0x0000000003abc000 	/usr/lib/libCRFSuite.dylib
0x0000000003abc000 	/usr/lib/libc++.1.dylib
0x0000000003abc000 	/usr/lib/libc++abi.dylib
0x0000000003abc000 	/usr/lib/system/libcache.dylib
0x0000000003abc000 	/usr/lib/system/libcommonCrypto.dylib
0x0000000003abc000 	/usr/lib/system/libcompiler_rt.dylib
0x0000000003abc000 	/usr/lib/system/libcopyfile.dylib
0x0000000003abc000 	/usr/lib/system/libcorecrypto.dylib
0x0000000003abc000 	/usr/lib/system/libdispatch.dylib
0x0000000003abc000 	/usr/lib/system/libdyld.dylib
0x0000000003abc000 	/usr/lib/system/libkeymgr.dylib
0x0000000003abc000 	/usr/lib/system/liblaunch.dylib
0x0000000003abc000 	/usr/lib/system/libmacho.dylib
0x0000000003abc000 	/usr/lib/system/libquarantine.dylib
0x0000000003abc000 	/usr/lib/system/libremovefile.dylib
0x0000000003abc000 	/usr/lib/system/libsystem_asl.dylib
0x0000000003abc000 	/usr/lib/system/libsystem_blocks.dylib
0x0000000003abc000 	/usr/lib/system/libsystem_c.dylib
0x0000000003abc000 	/usr/lib/system/libsystem_configuration.dylib
0x0000000003abc000 	/usr/lib/system/libsystem_coreservices.dylib
0x0000000003abc000 	/usr/lib/system/libsystem_darwin.dylib
0x0000000003abc000 	/usr/lib/system/libsystem_dnssd.dylib
0x0000000003abc000 	/usr/lib/system/libsystem_info.dylib
0x0000000003abc000 	/usr/lib/system/libsystem_m.dylib
0x0000000003abc000 	/usr/lib/system/libsystem_malloc.dylib
0x0000000003abc000 	/usr/lib/system/libsystem_network.dylib
0x0000000003abc000 	/usr/lib/system/libsystem_networkextension.dylib
0x0000000003abc000 	/usr/lib/system/libsystem_notify.dylib
0x0000000003abc000 	/usr/lib/system/libsystem_sandbox.dylib
0x0000000003abc000 	/usr/lib/system/libsystem_secinit.dylib
0x0000000003abc000 	/usr/lib/system/libsystem_kernel.dylib
0x0000000003abc000 	/usr/lib/system/libsystem_platform.dylib
0x0000000003abc000 	/usr/lib/system/libsystem_pthread.dylib
0x0000000003abc000 	/usr/lib/system/libsystem_symptoms.dylib
0x0000000003abc000 	/usr/lib/system/libsystem_trace.dylib
0x0000000003abc000 	/usr/lib/system/libunwind.dylib
0x0000000003abc000 	/usr/lib/system/libxpc.dylib
0x0000000003abc000 	/usr/lib/closure/libclosured.dylib
0x0000000003abc000 	/usr/lib/libbsm.0.dylib
0x0000000003abc000 	/usr/lib/system/libkxld.dylib
0x0000000003abc000 	/usr/lib/libOpenScriptingUtil.dylib
0x0000000003abc000 	/usr/lib/libcoretls.dylib
0x0000000003abc000 	/usr/lib/libcoretls_cfhelpers.dylib
0x0000000003abc000 	/usr/lib/libpam.2.dylib
0x0000000003abc000 	/usr/lib/libsqlite3.dylib
0x0000000003abc000 	/usr/lib/libxar.1.dylib
0x0000000003abc000 	/usr/lib/libbz2.1.0.dylib
0x0000000003abc000 	/usr/lib/liblzma.5.dylib
0x0000000003abc000 	/usr/lib/libnetwork.dylib
0x0000000003abc000 	/usr/lib/libapple_nghttp2.dylib
0x0000000003abc000 	/usr/lib/libpcap.A.dylib
0x0000000003abc000 	/usr/lib/libboringssl.dylib
0x0000000003abc000 	/usr/lib/libusrtcp.dylib
0x0000000003abc000 	/usr/lib/libapple_crypto.dylib
0x0000000003abc000 	/System/Library/Frameworks/CoreServices.framework/Versions/A/Frameworks/FSEvents.framework/Versions/A/FSEvents
0x0000000003abc000 	/System/Library/Frameworks/CoreServices.framework/Versions/A/Frameworks/CarbonCore.framework/Versions/A/CarbonCore
0x0000000003abc000 	/System/Library/Frameworks/CoreServices.framework/Versions/A/Frameworks/Metadata.framework/Versions/A/Metadata
0x0000000003abc000 	/System/Library/Frameworks/CoreServices.framework/Versions/A/Frameworks/OSServices.framework/Versions/A/OSServices
0x0000000003abc000 	/System/Library/Frameworks/CoreServices.framework/Versions/A/Frameworks/SearchKit.framework/Versions/A/SearchKit
0x0000000003abc000 	/System/Library/Frameworks/CoreServices.framework/Versions/A/Frameworks/AE.framework/Versions/A/AE
0x0000000003abc000 	/System/Library/Frameworks/CoreServices.framework/Versions/A/Frameworks/LaunchServices.framework/Versions/A/LaunchServices
0x0000000003abc000 	/System/Library/Frameworks/CoreServices.framework/Versions/A/Frameworks/DictionaryServices.framework/Versions/A/DictionaryServices
0x0000000003abc000 	/System/Library/Frameworks/CoreServices.framework/Versions/A/Frameworks/SharedFileList.framework/Versions/A/SharedFileList
0x0000000003abc000 	/System/Library/Frameworks/NetFS.framework/Versions/A/NetFS
0x0000000003abc000 	/System/Library/PrivateFrameworks/NetAuth.framework/Versions/A/NetAuth
0x0000000003abc000 	/System/Library/PrivateFrameworks/login.framework/Versions/A/Frameworks/loginsupport.framework/Versions/A/loginsupport
0x0000000003abc000 	/System/Library/PrivateFrameworks/TCC.framework/Versions/A/TCC
0x0000000003abc000 	/usr/lib/libmecabra.dylib
0x0000000003abc000 	/System/Library/Frameworks/ApplicationServices.framework/Versions/A/Frameworks/ATS.framework/Versions/A/ATS
0x0000000003abc000 	/System/Library/Frameworks/ApplicationServices.framework/Versions/A/Frameworks/ColorSyncLegacy.framework/Versions/A/ColorSyncLegacy
0x0000000003abc000 	/System/Library/Frameworks/ApplicationServices.framework/Versions/A/Frameworks/HIServices.framework/Versions/A/HIServices
0x0000000003abc000 	/System/Library/Frameworks/ApplicationServices.framework/Versions/A/Frameworks/LangAnalysis.framework/Versions/A/LangAnalysis
0x0000000003abc000 	/System/Library/Frameworks/ApplicationServices.framework/Versions/A/Frameworks/PrintCore.framework/Versions/A/PrintCore
0x0000000003abc000 	/System/Library/Frameworks/ApplicationServices.framework/Versions/A/Frameworks/QD.framework/Versions/A/QD
0x0000000003abc000 	/System/Library/Frameworks/ApplicationServices.framework/Versions/A/Frameworks/SpeechSynthesis.framework/Versions/A/SpeechSynthesis
0x0000000003abc000 	/System/Library/Frameworks/CoreDisplay.framework/Versions/A/CoreDisplay
0x0000000003abc000 	/System/Library/Frameworks/Accelerate.framework/Versions/A/Frameworks/vImage.framework/Versions/A/vImage
0x0000000003abc000 	/System/Library/Frameworks/Accelerate.framework/Versions/A/Frameworks/vecLib.framework/Versions/A/vecLib
0x0000000003abc000 	/System/Library/Frameworks/Accelerate.framework/Versions/A/Frameworks/vecLib.framework/Versions/A/libvDSP.dylib
0x0000000003abc000 	/System/Library/Frameworks/Accelerate.framework/Versions/A/Frameworks/vecLib.framework/Versions/A/libBNNS.dylib
0x0000000003abc000 	/System/Library/Frameworks/Accelerate.framework/Versions/A/Frameworks/vecLib.framework/Versions/A/libQuadrature.dylib
0x0000000003abc000 	/System/Library/Frameworks/Accelerate.framework/Versions/A/Frameworks/vecLib.framework/Versions/A/libvMisc.dylib
0x0000000003abc000 	/System/Library/Frameworks/Accelerate.framework/Versions/A/Frameworks/vecLib.framework/Versions/A/libLAPACK.dylib
0x0000000003abc000 	/System/Library/Frameworks/Accelerate.framework/Versions/A/Frameworks/vecLib.framework/Versions/A/libBLAS.dylib
0x0000000003abc000 	/System/Library/Frameworks/Accelerate.framework/Versions/A/Frameworks/vecLib.framework/Versions/A/libLinearAlgebra.dylib
0x0000000003abc000 	/System/Library/Frameworks/Accelerate.framework/Versions/A/Frameworks/vecLib.framework/Versions/A/libSparse.dylib
0x0000000003abc000 	/System/Library/Frameworks/Accelerate.framework/Versions/A/Frameworks/vecLib.framework/Versions/A/libSparseBLAS.dylib
0x0000000003abc000 	/System/Library/PrivateFrameworks/GPUWrangler.framework/Versions/A/GPUWrangler
0x0000000003abc000 	/System/Library/PrivateFrameworks/IOAccelerator.framework/Versions/A/IOAccelerator
0x0000000003abc000 	/System/Library/PrivateFrameworks/IOPresentment.framework/Versions/A/IOPresentment
0x0000000003abc000 	/System/Library/PrivateFrameworks/DSExternalDisplay.framework/Versions/A/DSExternalDisplay
0x0000000003abc000 	/System/Library/Frameworks/OpenGL.framework/Versions/A/Libraries/libCoreFSCache.dylib
0x0000000003abc000 	/System/Library/Frameworks/CoreVideo.framework/Versions/A/CoreVideo
0x0000000003abc000 	/System/Library/PrivateFrameworks/GraphVisualizer.framework/Versions/A/GraphVisualizer
0x0000000003abc000 	/System/Library/Frameworks/MetalPerformanceShaders.framework/Versions/A/MetalPerformanceShaders
0x0000000003abc000 	/usr/lib/libFosl_dynamic.dylib
0x0000000003abc000 	/System/Library/PrivateFrameworks/FaceCore.framework/Versions/A/FaceCore
0x0000000003abc000 	/System/Library/Frameworks/OpenCL.framework/Versions/A/OpenCL
0x0000000003abc000 	/usr/lib/libcompression.dylib
0x0000000003abc000 	/System/Library/Frameworks/ApplicationServices.framework/Versions/A/Frameworks/ATS.framework/Versions/A/Resources/libFontParser.dylib
0x0000000003abc000 	/System/Library/Frameworks/ApplicationServices.framework/Versions/A/Frameworks/ATS.framework/Versions/A/Resources/libFontRegistry.dylib
0x0000000003abc000 	/System/Library/Frameworks/ImageIO.framework/Versions/A/Resources/libJPEG.dylib
0x0000000003abc000 	/System/Library/Frameworks/ImageIO.framework/Versions/A/Resources/libTIFF.dylib
0x0000000003abc000 	/System/Library/Frameworks/ImageIO.framework/Versions/A/Resources/libPng.dylib
0x0000000003abc000 	/System/Library/Frameworks/ImageIO.framework/Versions/A/Resources/libGIF.dylib
0x0000000003abc000 	/System/Library/Frameworks/ImageIO.framework/Versions/A/Resources/libJP2.dylib
0x0000000003abc000 	/System/Library/Frameworks/ImageIO.framework/Versions/A/Resources/libRadiance.dylib
0x0000000003abc000 	/System/Library/PrivateFrameworks/AppleJPEG.framework/Versions/A/AppleJPEG
0x0000000003abc000 	/System/Library/Frameworks/MetalPerformanceShaders.framework/Frameworks/MPSCore.framework/Versions/A/MPSCore
0x0000000003abc000 	/System/Library/Frameworks/MetalPerformanceShaders.framework/Frameworks/MPSImage.framework/Versions/A/MPSImage
0x0000000003abc000 	/System/Library/Frameworks/MetalPerformanceShaders.framework/Frameworks/MPSNeuralNetwork.framework/Versions/A/MPSNeuralNetwork
0x0000000003abc000 	/System/Library/Frameworks/MetalPerformanceShaders.framework/Frameworks/MPSMatrix.framework/Versions/A/MPSMatrix
0x0000000003abc000 	/System/Library/PrivateFrameworks/MetalTools.framework/Versions/A/MetalTools
0x0000000003abc000 	/System/Library/Frameworks/OpenGL.framework/Versions/A/Libraries/libGLU.dylib
0x0000000003abc000 	/System/Library/Frameworks/OpenGL.framework/Versions/A/Libraries/libGFXShared.dylib
0x0000000003abc000 	/System/Library/Frameworks/OpenGL.framework/Versions/A/Libraries/libGL.dylib
0x0000000003abc000 	/System/Library/Frameworks/OpenGL.framework/Versions/A/Libraries/libGLImage.dylib
0x0000000003abc000 	/System/Library/Frameworks/OpenGL.framework/Versions/A/Libraries/libCVMSPluginSupport.dylib
0x0000000003abc000 	/System/Library/Frameworks/OpenGL.framework/Versions/A/Libraries/libCoreVMClient.dylib
0x0000000003abc000 	/usr/lib/libcups.2.dylib
0x0000000003abc000 	/System/Library/Frameworks/Kerberos.framework/Versions/A/Kerberos
0x0000000003abc000 	/System/Library/Frameworks/GSS.framework/Versions/A/GSS
0x0000000003abc000 	/usr/lib/libresolv.9.dylib
0x0000000003abc000 	/usr/lib/libiconv.2.dylib
0x0000000003abc000 	/System/Library/PrivateFrameworks/Heimdal.framework/Versions/A/Heimdal
0x0000000003abc000 	/usr/lib/libheimdal-asn1.dylib
0x0000000003abc000 	/System/Library/Frameworks/OpenDirectory.framework/Versions/A/OpenDirectory
0x0000000003abc000 	/System/Library/PrivateFrameworks/CommonAuth.framework/Versions/A/CommonAuth
0x0000000003abc000 	/System/Library/Frameworks/OpenDirectory.framework/Versions/A/Frameworks/CFOpenDirectory.framework/Versions/A/CFOpenDirectory
0x0000000003abc000 	/System/Library/Frameworks/SecurityFoundation.framework/Versions/A/SecurityFoundation
0x0000000003abc000 	/System/Library/PrivateFrameworks/APFS.framework/Versions/A/APFS
0x0000000003abc000 	/usr/lib/libutil.dylib
0x0000000003abc000 	/System/Library/PrivateFrameworks/AppleSauce.framework/Versions/A/AppleSauce
0x0000000003abc000 	/System/Library/PrivateFrameworks/LinguisticData.framework/Versions/A/LinguisticData
0x0000000003abc000 	/usr/lib/libmarisa.dylib
0x0000000003abc000 	/System/Library/PrivateFrameworks/Lexicon.framework/Versions/A/Lexicon
0x0000000003abc000 	/usr/lib/libChineseTokenizer.dylib
0x0000000003abc000 	/usr/lib/libcmph.dylib
0x0000000003abc000 	/System/Library/PrivateFrameworks/LanguageModeling.framework/Versions/A/LanguageModeling
0x0000000003abc000 	/System/Library/PrivateFrameworks/CoreEmoji.framework/Versions/A/CoreEmoji
0x0000000003abc000 	/System/Library/Frameworks/ServiceManagement.framework/Versions/A/ServiceManagement
0x0000000003abc000 	/System/Library/PrivateFrameworks/BackgroundTaskManagement.framework/Versions/A/BackgroundTaskManagement
0x0000000003abc000 	/usr/lib/libxslt.1.dylib
0x0000000003abc000 	/System/Library/Frameworks/Carbon.framework/Versions/A/Frameworks/Ink.framework/Versions/A/Ink
0x0000000003abc000 	/System/Library/PrivateFrameworks/TextureIO.framework/Versions/A/TextureIO
0x0000000003abc000 	/usr/lib/libate.dylib
0x0000000003abc000 	/System/Library/PrivateFrameworks/CrashReporterSupport.framework/Versions/A/CrashReporterSupport
0x0000000003abc000 	/System/Library/PrivateFrameworks/Sharing.framework/Versions/A/Sharing
0x0000000003abc000 	/System/Library/PrivateFrameworks/IconServices.framework/Versions/A/IconServices
0x0000000003abc000 	/System/Library/PrivateFrameworks/Apple80211.framework/Versions/A/Apple80211
0x0000000003abc000 	/System/Library/PrivateFrameworks/CoreUtils.framework/Versions/A/CoreUtils
0x0000000003abc000 	/System/Library/Frameworks/CoreWLAN.framework/Versions/A/CoreWLAN
0x0000000003abc000 	/System/Library/Frameworks/IOBluetooth.framework/Versions/A/IOBluetooth
0x0000000003abc000 	/System/Library/PrivateFrameworks/ProtocolBuffer.framework/Versions/A/ProtocolBuffer
0x0000000003abc000 	/System/Library/PrivateFrameworks/CoreWiFi.framework/Versions/A/CoreWiFi
0x0000000003abc000 	/System/Library/Frameworks/CoreBluetooth.framework/Versions/A/CoreBluetooth
0x0000000003abc000 	/System/Library/PrivateFrameworks/DebugSymbols.framework/Versions/A/DebugSymbols
0x0000000003abc000 	/System/Library/PrivateFrameworks/CoreSymbolication.framework/Versions/A/CoreSymbolication
0x0000000003abc000 	/System/Library/PrivateFrameworks/Symbolication.framework/Versions/A/Symbolication
0x0000000003abc000 	/System/Library/PrivateFrameworks/AppleFSCompression.framework/Versions/A/AppleFSCompression
0x0000000003abc000 	/System/Library/PrivateFrameworks/SpeechRecognitionCore.framework/Versions/A/SpeechRecognitionCore
0x0000000106800000 	/Library/Java/JavaVirtualMachines/jdk1.8.0_74.jdk/Contents/Home/jre/lib/server/libjvm.dylib
0x0000000003abc000 	/usr/lib/libstdc++.6.0.9.dylib
0x0000000105e19000 	/Library/Java/JavaVirtualMachines/jdk1.8.0_74.jdk/Contents/Home/jre/lib/libverify.dylib
0x0000000105e27000 	/Library/Java/JavaVirtualMachines/jdk1.8.0_74.jdk/Contents/Home/jre/lib/libjava.dylib
0x0000000105ea6000 	/Library/Java/JavaVirtualMachines/jdk1.8.0_74.jdk/Contents/Home/jre/lib/libzip.dylib
0x0000000003abc000 	/System/Library/Frameworks/JavaVM.framework/Versions/A/Frameworks/JavaRuntimeSupport.framework/Versions/A/JavaRuntimeSupport
0x0000000003abc000 	/System/Library/Frameworks/JavaVM.framework/Versions/A/Frameworks/JavaNativeFoundation.framework/Versions/A/JavaNativeFoundation
0x0000000003abc000 	/System/Library/Frameworks/JavaVM.framework/Versions/A/JavaVM
0x0000000003abc000 	/System/Library/Frameworks/Carbon.framework/Versions/A/Carbon
0x0000000003abc000 	/System/Library/PrivateFrameworks/JavaLaunching.framework/Versions/A/JavaLaunching
0x0000000003abc000 	/System/Library/Frameworks/Carbon.framework/Versions/A/Frameworks/CommonPanels.framework/Versions/A/CommonPanels
0x0000000003abc000 	/System/Library/Frameworks/Carbon.framework/Versions/A/Frameworks/Help.framework/Versions/A/Help
0x0000000003abc000 	/System/Library/Frameworks/Carbon.framework/Versions/A/Frameworks/ImageCapture.framework/Versions/A/ImageCapture
0x0000000003abc000 	/System/Library/Frameworks/Carbon.framework/Versions/A/Frameworks/OpenScripting.framework/Versions/A/OpenScripting
0x0000000003abc000 	/System/Library/Frameworks/Carbon.framework/Versions/A/Frameworks/Print.framework/Versions/A/Print
0x0000000003abc000 	/System/Library/Frameworks/Carbon.framework/Versions/A/Frameworks/SecurityHI.framework/Versions/A/SecurityHI
0x000000011d78b000 	/Users/temp/Applications/IBM/ILOG/CPLEX_Studio1262/cplex/bin/x86-64_osx/libcplex1262remotejni.jnilib

VM Arguments:
jvm_args: -Djava.library.path=/Users/temp/Applications/IBM/ILOG/CPLEX_Studio1262/cplex/bin/x86-64_osx -Dfile.encoding=UTF-8 
java_command: reasoner.Main
java_class_path (initial): /Users/temp/git/Backup/OWLReasoner-V1.0/target/classes:/Users/temp/Applications/IBM/ILOG/CPLEX_Studio1262/cplex/lib/cplex.jar:/Users/temp/.m2/repository/net/sourceforge/owlapi/owlapi-distribution/5.1.0/owlapi-distribution-5.1.0.jar:/Users/temp/.m2/repository/net/sourceforge/owlapi/owlapi-compatibility/5.1.0/owlapi-compatibility-5.1.0.jar:/Users/temp/.m2/repository/net/sourceforge/owlapi/owlapi-apibinding/5.1.0/owlapi-apibinding-5.1.0.jar:/Users/temp/.m2/repository/net/sourceforge/owlapi/owlapi-api/5.1.0/owlapi-api-5.1.0.jar:/Users/temp/.m2/repository/net/sourceforge/owlapi/owlapi-impl/5.1.0/owlapi-impl-5.1.0.jar:/Users/temp/.m2/repository/net/sourceforge/owlapi/owlapi-parsers/5.1.0/owlapi-parsers-5.1.0.jar:/Users/temp/.m2/repository/net/sourceforge/owlapi/owlapi-oboformat/5.1.0/owlapi-oboformat-5.1.0.jar:/Users/temp/.m2/repository/net/sourceforge/owlapi/owlapi-tools/5.1.0/owlapi-tools-5.1.0.jar:/Users/temp/.m2/repository/net/sourceforge/owlapi/owlapi-rio/5.1.0/owlapi-rio-5.1.0.jar:/Users/temp/.m2/repository/com/fasterxml/jackson/core/jackson-core/2.8.5/jackson-core-2.8.5.jar:/Users/temp/.m2/repository/com/fasterxml/jackson/core/jackson-databind/2.8.5/jackson-databind-2.8.5.jar:/Users/temp/.m2/repository/com/fasterxml/jackson/core/jackson-annotations/2.8.5/jackson-annotations-2.8.5.jar:/Users/temp/.m2/repository/org/apache/commons/commons-rdf-api/0.3.0-incubating/commons-rdf-api-0.3.0-incubating.jar:/Users/temp/.m2/repository/org/tukaani/xz/1.6/xz-1.6.jar:/Users/temp/.m2/repository/org/slf4j/slf4j-api/1.7.22/slf4j-api-1.7.22.jar:/Users/temp/.m2/repository/org/slf4j/jcl-over-slf4j/1.7.22/jcl-over-slf4j-1.7.22.jar:/Users/temp/.m2/repository/org/eclipse/rdf4j/rdf4j-model/2.1.4/rdf4j-model-2.1.4.jar:/Users/temp/.m2/repository/org/eclipse/rdf4j/rdf4j-rio-api/2.1.4/rdf4j-rio-api-2.1.4.jar:/Users/temp/.m2/repository/org/eclipse/rdf4j/rdf4j-rio-languages/2.1.4/rdf4j-rio-languages-2.1.4.jar:/Users/temp/.m2/repository/org/eclipse/rdf4j/rdf4j-rio-da
Launcher Type: SUN_STANDARD

Environment Variables:
PATH=/usr/bin:/bin:/usr/sbin:/sbin
SHELL=/bin/bash

Signal Handlers:
SIGSEGV: [libjvm.dylib+0x5a6855], sa_mask[0]=11111111011111110111111111111111, sa_flags=SA_ONSTACK|SA_RESTART|SA_SIGINFO
SIGBUS: [libjvm.dylib+0x5a6855], sa_mask[0]=11111111011111110111111111111111, sa_flags=SA_RESTART|SA_SIGINFO
SIGFPE: [libjvm.dylib+0x4804ec], sa_mask[0]=11111111011111110111111111111111, sa_flags=SA_RESTART|SA_SIGINFO
SIGPIPE: [libjvm.dylib+0x4804ec], sa_mask[0]=11111111011111110111111111111111, sa_flags=SA_RESTART|SA_SIGINFO
SIGXFSZ: [libjvm.dylib+0x4804ec], sa_mask[0]=11111111011111110111111111111111, sa_flags=SA_RESTART|SA_SIGINFO
SIGILL: [libjvm.dylib+0x4804ec], sa_mask[0]=11111111011111110111111111111111, sa_flags=SA_RESTART|SA_SIGINFO
SIGUSR1: SIG_DFL, sa_mask[0]=00000000000000000000000000000000, sa_flags=none
SIGUSR2: [libjvm.dylib+0x48000a], sa_mask[0]=00100000000000000000000000000000, sa_flags=SA_RESTART|SA_SIGINFO
SIGHUP: [libjvm.dylib+0x47e5e1], sa_mask[0]=11111111011111110111111111111111, sa_flags=SA_RESTART|SA_SIGINFO
SIGINT: [libjvm.dylib+0x47e5e1], sa_mask[0]=11111111011111110111111111111111, sa_flags=SA_RESTART|SA_SIGINFO
SIGTERM: [libjvm.dylib+0x47e5e1], sa_mask[0]=11111111011111110111111111111111, sa_flags=SA_RESTART|SA_SIGINFO
SIGQUIT: [libjvm.dylib+0x47e5e1], sa_mask[0]=11111111011111110111111111111111, sa_flags=SA_RESTART|SA_SIGINFO


---------------  S Y S T E M  ---------------

OS:Bsduname:Darwin 17.6.0 Darwin Kernel Version 17.6.0: Tue May  8 15:22:16 PDT 2018; root:xnu-4570.61.1~1/RELEASE_X86_64 x86_64
rlimit: STACK 8192k, CORE 0k, NPROC 709, NOFILE 10240, AS infinity
load average:3.62 3.80 3.83

CPU:total 4 (2 cores per cpu, 2 threads per core) family 6 model 37 stepping 5, cmov, cx8, fxsr, mmx, sse, sse2, sse3, ssse3, sse4.1, sse4.2, popcnt, aes, clmul, ht, tsc, tscinvbit

Memory: 4k page, physical 4194304k(23036k free)

/proc/meminfo:


vm_info: Java HotSpot(TM) 64-Bit Server VM (25.74-b02) for bsd-amd64 JRE (1.8.0_74-b02), built on Jan 29 2016 15:32:34 by "java_re" with gcc 4.2.1 (Based on Apple Inc. build 5658) (LLVM build 2336.11.00)

time: Sun Sep  2 18:58:59 2018
elapsed time: 6 seconds (0d 0h 0m 6s)

